<?xml version="1.0" encoding="UTF-8"?>
<!-- Generated by org.testng.reporters.JUnitReportReporter -->
<testsuite hostname="ravis-MacBook-Pro.local" name="com.twc.AD_TestSuite.Smoke_Test" tests="6" failures="0" timestamp="9 Nov 2015 17:29:49 GMT" time="364.346" errors="0">
  <testcase name="c334151_Verify_adon_10DaysExtended_page" time="38.810" classname="com.twc.AD_TestSuite.Smoke_Test"/>
  <testcase name="Capabilites" time="85.153" classname="com.twc.AD_TestSuite.Smoke_Test"/>
  <testcase name="AND_PulltoRefresh" time="13.168" classname="com.twc.AD_TestSuite.Smoke_Test"/>
  <testcase name="c334148_Verify_adon_NewsExtended_page" time="37.378" classname="com.twc.AD_TestSuite.Smoke_Test"/>
  <testcase name="c334146_Verify_adon_HourlyExtended_page" time="150.784" classname="com.twc.AD_TestSuite.Smoke_Test"/>
  <testcase name="c334147_Verify_adon_MapsExtended_page" time="39.053" classname="com.twc.AD_TestSuite.Smoke_Test"/>
</testsuite> <!-- com.twc.AD_TestSuite.Smoke_Test -->
