<?xml version="1.0" encoding="UTF-8"?>
<!-- Generated by org.testng.reporters.JUnitReportReporter -->
<testsuite hostname="ravis-MacBook-Pro.local" name="com.twc.appium.Smoke_Test" tests="6" failures="0" timestamp="9 Nov 2015 17:20:42 GMT" time="339.293" errors="0">
  <testcase name="c334151_Verify_adon_10DaysExtended_page" time="38.142" classname="com.twc.appium.Smoke_Test"/>
  <testcase name="Capabilites" time="84.332" classname="com.twc.appium.Smoke_Test"/>
  <testcase name="AND_PulltoRefresh" time="9.692" classname="com.twc.appium.Smoke_Test"/>
  <testcase name="c334148_Verify_adon_NewsExtended_page" time="36.870" classname="com.twc.appium.Smoke_Test"/>
  <testcase name="c334146_Verify_adon_HourlyExtended_page" time="131.834" classname="com.twc.appium.Smoke_Test"/>
  <testcase name="c334147_Verify_adon_MapsExtended_page" time="38.423" classname="com.twc.appium.Smoke_Test"/>
</testsuite> <!-- com.twc.appium.Smoke_Test -->
